[0.600s] Invoking command in '/home/mason/Documents/Ros/lb1/src/f1tenth_gym_ros': PYTHONPATH=/home/mason/Documents/Ros/lb1/build/f1tenth_gym_ros/prefix_override:/usr/lib/python3/dist-packages/colcon_core/task/python/colcon_distutils_commands:/home/mason/Documents/Ros/lb1/install/f1tenth_gym_ros/lib/python3.8/site-packages:${PYTHONPATH} /usr/bin/python3 -W ignore:setup.py install is deprecated -W ignore:easy_install command is deprecated setup.py egg_info --egg-base ../../build/f1tenth_gym_ros build --build-base /home/mason/Documents/Ros/lb1/build/f1tenth_gym_ros/build install --record /home/mason/Documents/Ros/lb1/build/f1tenth_gym_ros/install.log --single-version-externally-managed install_data
[0.773s] running egg_info
[0.774s] creating ../../build/f1tenth_gym_ros/f1tenth_gym_ros.egg-info
[0.774s] writing ../../build/f1tenth_gym_ros/f1tenth_gym_ros.egg-info/PKG-INFO
[0.775s] writing dependency_links to ../../build/f1tenth_gym_ros/f1tenth_gym_ros.egg-info/dependency_links.txt
[0.775s] writing entry points to ../../build/f1tenth_gym_ros/f1tenth_gym_ros.egg-info/entry_points.txt
[0.775s] writing requirements to ../../build/f1tenth_gym_ros/f1tenth_gym_ros.egg-info/requires.txt
[0.775s] writing top-level names to ../../build/f1tenth_gym_ros/f1tenth_gym_ros.egg-info/top_level.txt
[0.776s] writing manifest file '../../build/f1tenth_gym_ros/f1tenth_gym_ros.egg-info/SOURCES.txt'
[0.802s] reading manifest file '../../build/f1tenth_gym_ros/f1tenth_gym_ros.egg-info/SOURCES.txt'
[0.803s] writing manifest file '../../build/f1tenth_gym_ros/f1tenth_gym_ros.egg-info/SOURCES.txt'
[0.803s] running build
[0.803s] running build_py
[0.803s] creating /home/mason/Documents/Ros/lb1/build/f1tenth_gym_ros/build
[0.803s] creating /home/mason/Documents/Ros/lb1/build/f1tenth_gym_ros/build/lib
[0.804s] creating /home/mason/Documents/Ros/lb1/build/f1tenth_gym_ros/build/lib/f1tenth_gym_ros
[0.804s] copying f1tenth_gym_ros/__init__.py -> /home/mason/Documents/Ros/lb1/build/f1tenth_gym_ros/build/lib/f1tenth_gym_ros
[0.804s] copying f1tenth_gym_ros/gym_bridge.py -> /home/mason/Documents/Ros/lb1/build/f1tenth_gym_ros/build/lib/f1tenth_gym_ros
[0.804s] running install
[0.805s] running install_lib
[0.805s] creating /home/mason/Documents/Ros/lb1/install/f1tenth_gym_ros/lib/python3.8/site-packages/f1tenth_gym_ros
[0.806s] copying /home/mason/Documents/Ros/lb1/build/f1tenth_gym_ros/build/lib/f1tenth_gym_ros/__init__.py -> /home/mason/Documents/Ros/lb1/install/f1tenth_gym_ros/lib/python3.8/site-packages/f1tenth_gym_ros
[0.806s] copying /home/mason/Documents/Ros/lb1/build/f1tenth_gym_ros/build/lib/f1tenth_gym_ros/gym_bridge.py -> /home/mason/Documents/Ros/lb1/install/f1tenth_gym_ros/lib/python3.8/site-packages/f1tenth_gym_ros
[0.806s] byte-compiling /home/mason/Documents/Ros/lb1/install/f1tenth_gym_ros/lib/python3.8/site-packages/f1tenth_gym_ros/__init__.py to __init__.cpython-38.pyc
[0.807s] byte-compiling /home/mason/Documents/Ros/lb1/install/f1tenth_gym_ros/lib/python3.8/site-packages/f1tenth_gym_ros/gym_bridge.py to gym_bridge.cpython-38.pyc
[0.810s] running install_data
[0.810s] creating /home/mason/Documents/Ros/lb1/install/f1tenth_gym_ros/share/ament_index
[0.810s] creating /home/mason/Documents/Ros/lb1/install/f1tenth_gym_ros/share/ament_index/resource_index
[0.810s] creating /home/mason/Documents/Ros/lb1/install/f1tenth_gym_ros/share/ament_index/resource_index/packages
[0.810s] copying resource/f1tenth_gym_ros -> /home/mason/Documents/Ros/lb1/install/f1tenth_gym_ros/share/ament_index/resource_index/packages
[0.811s] copying package.xml -> /home/mason/Documents/Ros/lb1/install/f1tenth_gym_ros/share/f1tenth_gym_ros
[0.811s] creating /home/mason/Documents/Ros/lb1/install/f1tenth_gym_ros/share/f1tenth_gym_ros/launch
[0.811s] copying launch/gym_bridge_launch.py -> /home/mason/Documents/Ros/lb1/install/f1tenth_gym_ros/share/f1tenth_gym_ros/launch
[0.811s] copying launch/ego_racecar.xacro -> /home/mason/Documents/Ros/lb1/install/f1tenth_gym_ros/share/f1tenth_gym_ros/launch
[0.811s] copying launch/opp_racecar.xacro -> /home/mason/Documents/Ros/lb1/install/f1tenth_gym_ros/share/f1tenth_gym_ros/launch
[0.811s] copying launch/gym_bridge.rviz -> /home/mason/Documents/Ros/lb1/install/f1tenth_gym_ros/share/f1tenth_gym_ros/launch
[0.811s] creating /home/mason/Documents/Ros/lb1/install/f1tenth_gym_ros/share/f1tenth_gym_ros/config
[0.811s] copying config/sim.yaml -> /home/mason/Documents/Ros/lb1/install/f1tenth_gym_ros/share/f1tenth_gym_ros/config
[0.811s] running install_egg_info
[0.813s] Copying ../../build/f1tenth_gym_ros/f1tenth_gym_ros.egg-info to /home/mason/Documents/Ros/lb1/install/f1tenth_gym_ros/lib/python3.8/site-packages/f1tenth_gym_ros-0.0.0-py3.8.egg-info
[0.814s] running install_scripts
[0.828s] Installing gym_bridge script to /home/mason/Documents/Ros/lb1/install/f1tenth_gym_ros/lib/f1tenth_gym_ros
[0.828s] writing list of installed files to '/home/mason/Documents/Ros/lb1/build/f1tenth_gym_ros/install.log'
[0.858s] Invoked command in '/home/mason/Documents/Ros/lb1/src/f1tenth_gym_ros' returned '0': PYTHONPATH=/home/mason/Documents/Ros/lb1/build/f1tenth_gym_ros/prefix_override:/usr/lib/python3/dist-packages/colcon_core/task/python/colcon_distutils_commands:/home/mason/Documents/Ros/lb1/install/f1tenth_gym_ros/lib/python3.8/site-packages:${PYTHONPATH} /usr/bin/python3 -W ignore:setup.py install is deprecated -W ignore:easy_install command is deprecated setup.py egg_info --egg-base ../../build/f1tenth_gym_ros build --build-base /home/mason/Documents/Ros/lb1/build/f1tenth_gym_ros/build install --record /home/mason/Documents/Ros/lb1/build/f1tenth_gym_ros/install.log --single-version-externally-managed install_data
