[0.483s] Invoking command in '/home/mason/Documents/Ros/lb1/src/f1tenth_gym_ros': PYTHONPATH=/home/mason/Documents/Ros/lb1/build/f1tenth_gym_ros/prefix_override:/usr/lib/python3/dist-packages/colcon_core/task/python/colcon_distutils_commands:/home/mason/Documents/Ros/lb1/install/f1tenth_gym_ros/lib/python3.8/site-packages:${PYTHONPATH} /usr/bin/python3 -W ignore:setup.py install is deprecated -W ignore:easy_install command is deprecated setup.py egg_info --egg-base ../../build/f1tenth_gym_ros build --build-base /home/mason/Documents/Ros/lb1/build/f1tenth_gym_ros/build install --record /home/mason/Documents/Ros/lb1/build/f1tenth_gym_ros/install.log --single-version-externally-managed install_data
[0.648s] running egg_info
[0.649s] writing ../../build/f1tenth_gym_ros/f1tenth_gym_ros.egg-info/PKG-INFO
[0.649s] writing dependency_links to ../../build/f1tenth_gym_ros/f1tenth_gym_ros.egg-info/dependency_links.txt
[0.649s] writing entry points to ../../build/f1tenth_gym_ros/f1tenth_gym_ros.egg-info/entry_points.txt
[0.649s] writing requirements to ../../build/f1tenth_gym_ros/f1tenth_gym_ros.egg-info/requires.txt
[0.649s] writing top-level names to ../../build/f1tenth_gym_ros/f1tenth_gym_ros.egg-info/top_level.txt
[0.675s] reading manifest file '../../build/f1tenth_gym_ros/f1tenth_gym_ros.egg-info/SOURCES.txt'
[0.676s] writing manifest file '../../build/f1tenth_gym_ros/f1tenth_gym_ros.egg-info/SOURCES.txt'
[0.676s] running build
[0.676s] running build_py
[0.676s] running install
[0.677s] running install_lib
[0.678s] running install_data
[0.678s] running install_egg_info
[0.679s] removing '/home/mason/Documents/Ros/lb1/install/f1tenth_gym_ros/lib/python3.8/site-packages/f1tenth_gym_ros-0.0.0-py3.8.egg-info' (and everything under it)
[0.679s] Copying ../../build/f1tenth_gym_ros/f1tenth_gym_ros.egg-info to /home/mason/Documents/Ros/lb1/install/f1tenth_gym_ros/lib/python3.8/site-packages/f1tenth_gym_ros-0.0.0-py3.8.egg-info
[0.680s] running install_scripts
[0.693s] Installing gym_bridge script to /home/mason/Documents/Ros/lb1/install/f1tenth_gym_ros/lib/f1tenth_gym_ros
[0.693s] writing list of installed files to '/home/mason/Documents/Ros/lb1/build/f1tenth_gym_ros/install.log'
[0.709s] Invoked command in '/home/mason/Documents/Ros/lb1/src/f1tenth_gym_ros' returned '0': PYTHONPATH=/home/mason/Documents/Ros/lb1/build/f1tenth_gym_ros/prefix_override:/usr/lib/python3/dist-packages/colcon_core/task/python/colcon_distutils_commands:/home/mason/Documents/Ros/lb1/install/f1tenth_gym_ros/lib/python3.8/site-packages:${PYTHONPATH} /usr/bin/python3 -W ignore:setup.py install is deprecated -W ignore:easy_install command is deprecated setup.py egg_info --egg-base ../../build/f1tenth_gym_ros build --build-base /home/mason/Documents/Ros/lb1/build/f1tenth_gym_ros/build install --record /home/mason/Documents/Ros/lb1/build/f1tenth_gym_ros/install.log --single-version-externally-managed install_data
